<?xml version="1.0" encoding="UTF-8"?>
<testng-results skipped="0" failed="0" ignored="0" total="2" passed="2">
  <reporter-output>
  </reporter-output>
  <suite name="Default suite" duration-ms="147688" started-at="2019-08-10T11:08:35Z" finished-at="2019-08-10T11:11:03Z">
    <groups>
    </groups>
    <test name="Default test" duration-ms="147688" started-at="2019-08-10T11:08:35Z" finished-at="2019-08-10T11:11:03Z">
      <class name="TourBookingTest">
        <test-method status="PASS" signature="setUp()[pri:0, instance:TourBookingTest@58651fd0]" name="setUp" is-config="true" duration-ms="29102" started-at="2019-08-10T11:08:35Z" finished-at="2019-08-10T11:09:04Z">
          <reporter-output>
          </reporter-output>
        </test-method> <!-- setUp -->
        <test-method status="PASS" signature="successfulTourBookingTest()[pri:1, instance:TourBookingTest@58651fd0]" name="successfulTourBookingTest" duration-ms="53529" started-at="2019-08-10T11:09:04Z" finished-at="2019-08-10T11:09:58Z">
          <reporter-output>
          </reporter-output>
        </test-method> <!-- successfulTourBookingTest -->
        <test-method status="PASS" signature="shutDown()[pri:0, instance:TourBookingTest@58651fd0]" name="shutDown" is-config="true" duration-ms="809" started-at="2019-08-10T11:09:58Z" finished-at="2019-08-10T11:09:58Z">
          <reporter-output>
          </reporter-output>
        </test-method> <!-- shutDown -->
        <test-method status="PASS" signature="setUp()[pri:0, instance:TourBookingTest@58651fd0]" name="setUp" is-config="true" duration-ms="14742" started-at="2019-08-10T11:09:58Z" finished-at="2019-08-10T11:10:13Z">
          <reporter-output>
          </reporter-output>
        </test-method> <!-- setUp -->
        <test-method status="PASS" signature="unsuccessfulTourBookingTest()[pri:2, instance:TourBookingTest@58651fd0]" name="unsuccessfulTourBookingTest" duration-ms="48738" started-at="2019-08-10T11:10:13Z" finished-at="2019-08-10T11:11:02Z">
          <reporter-output>
          </reporter-output>
        </test-method> <!-- unsuccessfulTourBookingTest -->
        <test-method status="PASS" signature="shutDown()[pri:0, instance:TourBookingTest@58651fd0]" name="shutDown" is-config="true" duration-ms="735" started-at="2019-08-10T11:11:02Z" finished-at="2019-08-10T11:11:03Z">
          <reporter-output>
          </reporter-output>
        </test-method> <!-- shutDown -->
      </class> <!-- TourBookingTest -->
    </test> <!-- Default test -->
  </suite> <!-- Default suite -->
</testng-results>
