<?xml version="1.0" encoding="UTF-8"?>
<!-- Generated by org.testng.reporters.JUnitXMLReporter -->
<testsuite hostname="DESKTOP-1AOJSSB" ignored="10" tests="1" failures="0" timestamp="12 Aug 2019 18:03:21 GMT" time="32.614" errors="0">
  <testcase name="newslatterSubscriptionSuccessTest" time="16.013" classname="FooterNavigationTest"/>
  <testcase name="supplierLoginTest" time="0.0" classname="FooterNavigationTest">
    <ignored/>
  </testcase> <!-- supplierLoginTest -->
  <testcase name="howToBookTest" time="0.0" classname="FooterNavigationTest">
    <ignored/>
  </testcase> <!-- howToBookTest -->
  <testcase name="privacyPolicyTest" time="0.0" classname="FooterNavigationTest">
    <ignored/>
  </testcase> <!-- privacyPolicyTest -->
  <testcase name="termsOfUseTest" time="0.0" classname="FooterNavigationTest">
    <ignored/>
  </testcase> <!-- termsOfUseTest -->
  <testcase name="supplierSignupTest" time="0.0" classname="FooterNavigationTest">
    <ignored/>
  </testcase> <!-- supplierSignupTest -->
  <testcase name="ourPartnersTest" time="0.0" classname="FooterNavigationTest">
    <ignored/>
  </testcase> <!-- ourPartnersTest -->
  <testcase name="aboutTest" time="0.0" classname="FooterNavigationTest">
    <ignored/>
  </testcase> <!-- aboutTest -->
  <testcase name="faqTest" time="0.0" classname="FooterNavigationTest">
    <ignored/>
  </testcase> <!-- faqTest -->
  <testcase name="contactTest" time="0.0" classname="FooterNavigationTest">
    <ignored/>
  </testcase> <!-- contactTest -->
  <testcase name="bookingTipsTest" time="0.0" classname="FooterNavigationTest">
    <ignored/>
  </testcase> <!-- bookingTipsTest -->
</testsuite>
