<?xml version="1.0" encoding="UTF-8"?>
<!-- Generated by org.testng.reporters.JUnitXMLReporter -->
<testsuite hostname="DESKTOP-1AOJSSB" ignored="8" tests="1" failures="0" timestamp="12 Aug 2019 16:54:51 GMT" time="51.497" errors="0">
  <testcase name="supplierLoginTest" time="20.785" classname="FooterNavigationTest"/>
  <testcase name="howToBookTest" time="0.0" classname="FooterNavigationTest">
    <ignored/>
  </testcase> <!-- howToBookTest -->
  <testcase name="privacyPolicyTest" time="0.0" classname="FooterNavigationTest">
    <ignored/>
  </testcase> <!-- privacyPolicyTest -->
  <testcase name="termsOfUseTest" time="0.0" classname="FooterNavigationTest">
    <ignored/>
  </testcase> <!-- termsOfUseTest -->
  <testcase name="ourPartnersTest" time="0.0" classname="FooterNavigationTest">
    <ignored/>
  </testcase> <!-- ourPartnersTest -->
  <testcase name="aboutTest" time="0.0" classname="FooterNavigationTest">
    <ignored/>
  </testcase> <!-- aboutTest -->
  <testcase name="faqTest" time="0.0" classname="FooterNavigationTest">
    <ignored/>
  </testcase> <!-- faqTest -->
  <testcase name="contactTest" time="0.0" classname="FooterNavigationTest">
    <ignored/>
  </testcase> <!-- contactTest -->
  <testcase name="bookingTipsTest" time="0.0" classname="FooterNavigationTest">
    <ignored/>
  </testcase> <!-- bookingTipsTest -->
</testsuite>
